c:\users\admin\source\repos\opengl-qt\opengl-qt\debug\qrc_openglqt.obj
c:\users\admin\source\repos\opengl-qt\opengl-qt\debug\window.obj
c:\users\admin\source\repos\opengl-qt\opengl-qt\debug\glwidget.obj
c:\users\admin\source\repos\opengl-qt\opengl-qt\debug\moc_openglqt.obj
c:\users\admin\source\repos\opengl-qt\opengl-qt\debug\moc_glwidget.obj
c:\users\admin\source\repos\opengl-qt\opengl-qt\debug\main.obj
c:\users\admin\source\repos\opengl-qt\opengl-qt\debug\openglqt.obj
c:\users\admin\source\repos\opengl-qt\opengl-qt\debug\moc_window.obj
c:\users\admin\source\repos\opengl-qt\opengl-qt\debug\vc141.pdb
c:\users\admin\source\repos\opengl-qt\win32\debug\opengl-qt.exe
c:\users\admin\source\repos\opengl-qt\win32\debug\opengl-qt.ilk
c:\users\admin\source\repos\opengl-qt\win32\debug\opengl-qt.pdb
c:\users\admin\source\repos\opengl-qt\opengl-qt\debug\\moc\moc_openglqt.cpp
c:\users\admin\source\repos\opengl-qt\opengl-qt\debug\\moc\moc_window.cpp
c:\users\admin\source\repos\opengl-qt\opengl-qt\debug\\moc\moc_glwidget.cpp
c:\users\admin\source\repos\opengl-qt\opengl-qt\debug\uic\ui_openglqt.h
c:\users\admin\source\repos\opengl-qt\opengl-qt\debug\rcc\qrc_openglqt.cpp
c:\users\admin\source\repos\opengl-qt\opengl-qt\debug\moc\moc_openglqt.cpp
c:\users\admin\source\repos\opengl-qt\opengl-qt\debug\moc\moc_window.cpp
c:\users\admin\source\repos\opengl-qt\opengl-qt\debug\moc\moc_glwidget.cpp
c:\users\admin\source\repos\opengl-qt\opengl-qt\debug\\rcc\qrc_openglqt.cpp
c:\users\admin\source\repos\opengl-qt\opengl-qt\debug\\uic\ui_openglqt.h
c:\users\admin\source\repos\opengl-qt\opengl-qt\debug\opengl-qt.tlog\cl.command.1.tlog
c:\users\admin\source\repos\opengl-qt\opengl-qt\debug\opengl-qt.tlog\cl.read.1.tlog
c:\users\admin\source\repos\opengl-qt\opengl-qt\debug\opengl-qt.tlog\cl.write.1.tlog
c:\users\admin\source\repos\opengl-qt\opengl-qt\debug\opengl-qt.tlog\link.command.1.tlog
c:\users\admin\source\repos\opengl-qt\opengl-qt\debug\opengl-qt.tlog\link.read.1.tlog
c:\users\admin\source\repos\opengl-qt\opengl-qt\debug\opengl-qt.tlog\link.write.1.tlog
c:\users\admin\source\repos\opengl-qt\opengl-qt\debug\opengl-qt.tlog\moc.read.1u.tlog
c:\users\admin\source\repos\opengl-qt\opengl-qt\debug\opengl-qt.tlog\moc.write.1u.tlog
c:\users\admin\source\repos\opengl-qt\opengl-qt\debug\opengl-qt.tlog\opengl-qt.write.1u.tlog
c:\users\admin\source\repos\opengl-qt\opengl-qt\debug\opengl-qt.tlog\rcc.read.1u.tlog
c:\users\admin\source\repos\opengl-qt\opengl-qt\debug\opengl-qt.tlog\rcc.write.1u.tlog
c:\users\admin\source\repos\opengl-qt\opengl-qt\debug\opengl-qt.tlog\uic.read.1u.tlog
c:\users\admin\source\repos\opengl-qt\opengl-qt\debug\opengl-qt.tlog\uic.write.1u.tlog
